g:\github\opengl\learnopengl\learnopengl\learnopengl\debug\vc141.pdb
g:\github\opengl\learnopengl\learnopengl\learnopengl\debug\vc141.idb
g:\github\opengl\learnopengl\learnopengl\learnopengl\debug\glad.obj
g:\github\opengl\learnopengl\learnopengl\learnopengl\debug\hellotriangle.obj
g:\github\opengl\learnopengl\learnopengl\learnopengl\debug\hellotriangle2.obj
g:\github\opengl\learnopengl\learnopengl\debug\learnopengl.exe
g:\github\opengl\learnopengl\learnopengl\debug\learnopengl.ilk
g:\github\opengl\learnopengl\learnopengl\debug\learnopengl.pdb
g:\github\opengl\learnopengl\learnopengl\learnopengl\debug\learnopengl.tlog\cl.command.1.tlog
g:\github\opengl\learnopengl\learnopengl\learnopengl\debug\learnopengl.tlog\cl.read.1.tlog
g:\github\opengl\learnopengl\learnopengl\learnopengl\debug\learnopengl.tlog\cl.write.1.tlog
g:\github\opengl\learnopengl\learnopengl\learnopengl\debug\learnopengl.tlog\link-cvtres.read.1.tlog
g:\github\opengl\learnopengl\learnopengl\learnopengl\debug\learnopengl.tlog\link-cvtres.write.1.tlog
g:\github\opengl\learnopengl\learnopengl\learnopengl\debug\learnopengl.tlog\link-rc.read.1.tlog
g:\github\opengl\learnopengl\learnopengl\learnopengl\debug\learnopengl.tlog\link-rc.write.1.tlog
g:\github\opengl\learnopengl\learnopengl\learnopengl\debug\learnopengl.tlog\link.10468-cvtres.read.1.tlog
g:\github\opengl\learnopengl\learnopengl\learnopengl\debug\learnopengl.tlog\link.10468-cvtres.write.1.tlog
g:\github\opengl\learnopengl\learnopengl\learnopengl\debug\learnopengl.tlog\link.10468-rc.read.1.tlog
g:\github\opengl\learnopengl\learnopengl\learnopengl\debug\learnopengl.tlog\link.10468-rc.write.1.tlog
g:\github\opengl\learnopengl\learnopengl\learnopengl\debug\learnopengl.tlog\link.10468.read.1.tlog
g:\github\opengl\learnopengl\learnopengl\learnopengl\debug\learnopengl.tlog\link.10468.write.1.tlog
g:\github\opengl\learnopengl\learnopengl\learnopengl\debug\learnopengl.tlog\link.command.1.tlog
g:\github\opengl\learnopengl\learnopengl\learnopengl\debug\learnopengl.tlog\link.read.1.tlog
g:\github\opengl\learnopengl\learnopengl\learnopengl\debug\learnopengl.tlog\link.write.1.tlog
